<?xml version="1.0" encoding="UTF-8"?>
<testng-results skipped="0" failed="0" ignored="0" total="1" passed="1">
  <reporter-output>
  </reporter-output>
  <suite name="Default suite" duration-ms="85885" started-at="2022-08-31T13:52:24 IST" finished-at="2022-08-31T13:53:50 IST">
    <groups>
    </groups>
    <test name="Default test" duration-ms="85885" started-at="2022-08-31T13:52:24 IST" finished-at="2022-08-31T13:53:50 IST">
      <class name="tests.firsttext">
        <test-method status="PASS" signature="fistpage()[pri:0, instance:tests.firsttext@1060b431]" name="fistpage" duration-ms="85855" started-at="2022-08-31T13:52:24 IST" finished-at="2022-08-31T13:53:50 IST">
          <reporter-output>
          </reporter-output>
        </test-method> <!-- fistpage -->
      </class> <!-- tests.firsttext -->
    </test> <!-- Default test -->
  </suite> <!-- Default suite -->
</testng-results>
